# JRE version: OpenJDK Runtime Environment JBR-17.0.9+7-1087.11-jcef (17.0.9+7) (build 17.0.9+7-b1087.11)
# Java VM: OpenJDK 64-Bit Server VM JBR-17.0.9+7-1087.11-jcef (17.0.9+7-b1087.11, mixed mode, tiered, compressed oops, compressed class ptrs, g1 gc, windows-amd64)
GC Precious Log:
 CPUs: 8 total, 8 available
 Memory: 7937M
 Large Page Support: Disabled
 NUMA Support: Disabled
 Compressed Oops: Enabled (32-bit)
 Heap Region Size: 1M
 Heap Min Capacity: 128M
 Heap Initial Capacity: 128M
 Heap Max Capacity: 2G
 Pre-touch: Disabled
 Parallel Workers: 8
 Concurrent Workers: 2
 Concurrent Refinement Workers: 8
 Periodic GC: Disabled
Heap:
 garbage-first heap   total 131072K, used 36416K [0x0000000080000000, 0x0000000100000000)
  region size 1024K, 29 young (29696K), 4 survivors (4096K)
 Metaspace       used 27950K, committed 28288K, reserved 1114112K
  class space    used 3024K, committed 3200K, reserved 1048576K
GC Heap History (6 events):
Event: 2.987 GC heap before
{Heap before GC invocations=0 (full 0):
 garbage-first heap   total 131072K, used 25600K [0x0000000080000000, 0x0000000100000000)
  region size 1024K, 23 young (23552K), 0 survivors (0K)
 Metaspace       used 20375K, committed 20608K, reserved 1114112K
  class space    used 2094K, committed 2176K, reserved 1048576K
}
Event: 2.994 GC heap after
{Heap after GC invocations=1 (full 0):
 garbage-first heap   total 131072K, used 7840K [0x0000000080000000, 0x0000000100000000)
  region size 1024K, 3 young (3072K), 3 survivors (3072K)
 Metaspace       used 20375K, committed 20608K, reserved 1114112K
  class space    used 2094K, committed 2176K, reserved 1048576K
}
Event: 3.063 GC heap before
{Heap before GC invocations=1 (full 0):
 garbage-first heap   total 131072K, used 9888K [0x0000000080000000, 0x0000000100000000)
  region size 1024K, 6 young (6144K), 3 survivors (3072K)
 Metaspace       used 21260K, committed 21504K, reserved 1114112K
  class space    used 2191K, committed 2304K, reserved 1048576K
}
Event: 3.068 GC heap after
{Heap after GC invocations=2 (full 0):
 garbage-first heap   total 131072K, used 8974K [0x0000000080000000, 0x0000000100000000)
  region size 1024K, 1 young (1024K), 1 survivors (1024K)
 Metaspace       used 21260K, committed 21504K, reserved 1114112K
  class space    used 2191K, committed 2304K, reserved 1048576K
}
Event: 31.004 GC heap before
{Heap before GC invocations=3 (full 0):
 garbage-first heap   total 131072K, used 54030K [0x0000000080000000, 0x0000000100000000)
  region size 1024K, 46 young (47104K), 1 survivors (1024K)
 Metaspace       used 27542K, committed 27840K, reserved 1114112K
  class space    used 3000K, committed 3136K, reserved 1048576K
}
Event: 31.008 GC heap after
{Heap after GC invocations=4 (full 0):
 garbage-first heap   total 131072K, used 11840K [0x0000000080000000, 0x0000000100000000)
  region size 1024K, 4 young (4096K), 4 survivors (4096K)
 Metaspace       used 27542K, committed 27840K, reserved 1114112K
  class space    used 3000K, committed 3136K, reserved 1048576K
}

