# JRE version: Java(TM) SE Runtime Environment (17.0.8+9) (build 17.0.8+9-LTS-211)
# Java VM: Java HotSpot(TM) 64-Bit Server VM (17.0.8+9-LTS-211, mixed mode, sharing, tiered, compressed oops, compressed class ptrs, g1 gc, windows-amd64)
GC Precious Log:
 CPUs: 8 total, 8 available
 Memory: 7937M
 Large Page Support: Disabled
 NUMA Support: Disabled
 Compressed Oops: Enabled (32-bit)
 Heap Region Size: 1M
 Heap Min Capacity: 8M
 Heap Initial Capacity: 126M
 Heap Max Capacity: 1986M
 Pre-touch: Disabled
 Parallel Workers: 8
 Concurrent Workers: 2
 Concurrent Refinement Workers: 8
 Periodic GC: Disabled
Heap:
 garbage-first heap   total 58368K, used 31081K [0x0000000083e00000, 0x0000000100000000)
  region size 1024K, 7 young (7168K), 2 survivors (2048K)
 Metaspace       used 56003K, committed 56448K, reserved 1114112K
  class space    used 7333K, committed 7552K, reserved 1048576K
GC Heap History (20 events):
Event: 7.977 GC heap before
{Heap before GC invocations=2 (full 0):
 garbage-first heap   total 129024K, used 78788K [0x0000000083e00000, 0x0000000100000000)
  region size 1024K, 71 young (72704K), 2 survivors (2048K)
 Metaspace       used 21303K, committed 21504K, reserved 1114112K
  class space    used 2687K, committed 2816K, reserved 1048576K
}
Event: 7.990 GC heap after
{Heap after GC invocations=3 (full 0):
 garbage-first heap   total 129024K, used 15557K [0x0000000083e00000, 0x0000000100000000)
  region size 1024K, 7 young (7168K), 7 survivors (7168K)
 Metaspace       used 21303K, committed 21504K, reserved 1114112K
  class space    used 2687K, committed 2816K, reserved 1048576K
}
Event: 10.112 GC heap before
{Heap before GC invocations=4 (full 0):
 garbage-first heap   total 58368K, used 43205K [0x0000000083e00000, 0x0000000100000000)
  region size 1024K, 34 young (34816K), 7 survivors (7168K)
 Metaspace       used 25084K, committed 25472K, reserved 1114112K
  class space    used 3200K, committed 3392K, reserved 1048576K
}
Event: 10.140 GC heap after
{Heap after GC invocations=5 (full 0):
 garbage-first heap   total 58368K, used 17217K [0x0000000083e00000, 0x0000000100000000)
  region size 1024K, 2 young (2048K), 2 survivors (2048K)
 Metaspace       used 25084K, committed 25472K, reserved 1114112K
  class space    used 3200K, committed 3392K, reserved 1048576K
}
Event: 10.245 GC heap before
{Heap before GC invocations=5 (full 0):
 garbage-first heap   total 58368K, used 17217K [0x0000000083e00000, 0x0000000100000000)
  region size 1024K, 3 young (3072K), 2 survivors (2048K)
 Metaspace       used 25326K, committed 25728K, reserved 1114112K
  class space    used 3234K, committed 3456K, reserved 1048576K
}
Event: 10.253 GC heap after
{Heap after GC invocations=6 (full 0):
 garbage-first heap   total 58368K, used 17917K [0x0000000083e00000, 0x0000000100000000)
  region size 1024K, 1 young (1024K), 1 survivors (1024K)
 Metaspace       used 25326K, committed 25728K, reserved 1114112K
  class space    used 3234K, committed 3456K, reserved 1048576K
}
Event: 11.914 GC heap before
{Heap before GC invocations=6 (full 0):
 garbage-first heap   total 58368K, used 40445K [0x0000000083e00000, 0x0000000100000000)
  region size 1024K, 23 young (23552K), 1 survivors (1024K)
 Metaspace       used 29161K, committed 29568K, reserved 1114112K
  class space    used 3782K, committed 3968K, reserved 1048576K
}
Event: 11.929 GC heap after
{Heap after GC invocations=7 (full 0):
 garbage-first heap   total 58368K, used 19713K [0x0000000083e00000, 0x0000000100000000)
  region size 1024K, 3 young (3072K), 3 survivors (3072K)
 Metaspace       used 29161K, committed 29568K, reserved 1114112K
  class space    used 3782K, committed 3968K, reserved 1048576K
}
Event: 13.727 GC heap before
{Heap before GC invocations=7 (full 0):
 garbage-first heap   total 58368K, used 41217K [0x0000000083e00000, 0x0000000100000000)
  region size 1024K, 24 young (24576K), 3 survivors (3072K)
 Metaspace       used 33558K, committed 33984K, reserved 1114112K
  class space    used 4257K, committed 4480K, reserved 1048576K
}
Event: 13.744 GC heap after
{Heap after GC invocations=8 (full 0):
 garbage-first heap   total 58368K, used 21370K [0x0000000083e00000, 0x0000000100000000)
  region size 1024K, 2 young (2048K), 2 survivors (2048K)
 Metaspace       used 33558K, committed 33984K, reserved 1114112K
  class space    used 4257K, committed 4480K, reserved 1048576K
}
Event: 14.335 GC heap before
{Heap before GC invocations=8 (full 0):
 garbage-first heap   total 58368K, used 31610K [0x0000000083e00000, 0x0000000100000000)
  region size 1024K, 13 young (13312K), 2 survivors (2048K)
 Metaspace       used 35535K, committed 35968K, reserved 1114112K
  class space    used 4513K, committed 4736K, reserved 1048576K
}
Event: 14.347 GC heap after
{Heap after GC invocations=9 (full 0):
 garbage-first heap   total 58368K, used 22190K [0x0000000083e00000, 0x0000000100000000)
  region size 1024K, 1 young (1024K), 1 survivors (1024K)
 Metaspace       used 35535K, committed 35968K, reserved 1114112K
  class space    used 4513K, committed 4736K, reserved 1048576K
}
Event: 18.114 GC heap before
{Heap before GC invocations=10 (full 0):
 garbage-first heap   total 58368K, used 42670K [0x0000000083e00000, 0x0000000100000000)
  region size 1024K, 22 young (22528K), 1 survivors (1024K)
 Metaspace       used 40852K, committed 41280K, reserved 1114112K
  class space    used 5268K, committed 5440K, reserved 1048576K
}
Event: 18.118 GC heap after
{Heap after GC invocations=11 (full 0):
 garbage-first heap   total 58368K, used 22927K [0x0000000083e00000, 0x0000000100000000)
  region size 1024K, 2 young (2048K), 2 survivors (2048K)
 Metaspace       used 40852K, committed 41280K, reserved 1114112K
  class space    used 5268K, committed 5440K, reserved 1048576K
}
Event: 19.931 GC heap before
{Heap before GC invocations=11 (full 0):
 garbage-first heap   total 58368K, used 43407K [0x0000000083e00000, 0x0000000100000000)
  region size 1024K, 23 young (23552K), 2 survivors (2048K)
 Metaspace       used 47478K, committed 47936K, reserved 1114112K
  class space    used 6120K, committed 6336K, reserved 1048576K
}
Event: 19.937 GC heap after
{Heap after GC invocations=12 (full 0):
 garbage-first heap   total 58368K, used 24014K [0x0000000083e00000, 0x0000000100000000)
  region size 1024K, 3 young (3072K), 3 survivors (3072K)
 Metaspace       used 47478K, committed 47936K, reserved 1114112K
  class space    used 6120K, committed 6336K, reserved 1048576K
}
Event: 20.557 GC heap before
{Heap before GC invocations=12 (full 0):
 garbage-first heap   total 58368K, used 44494K [0x0000000083e00000, 0x0000000100000000)
  region size 1024K, 24 young (24576K), 3 survivors (3072K)
 Metaspace       used 51387K, committed 51840K, reserved 1114112K
  class space    used 6733K, committed 6976K, reserved 1048576K
}
Event: 20.565 GC heap after
{Heap after GC invocations=13 (full 0):
 garbage-first heap   total 58368K, used 25655K [0x0000000083e00000, 0x0000000100000000)
  region size 1024K, 3 young (3072K), 3 survivors (3072K)
 Metaspace       used 51387K, committed 51840K, reserved 1114112K
  class space    used 6733K, committed 6976K, reserved 1048576K
}
Event: 21.716 GC heap before
{Heap before GC invocations=13 (full 0):
 garbage-first heap   total 58368K, used 46135K [0x0000000083e00000, 0x0000000100000000)
  region size 1024K, 23 young (23552K), 3 survivors (3072K)
 Metaspace       used 55171K, committed 55616K, reserved 1114112K
  class space    used 7210K, committed 7424K, reserved 1048576K
}
Event: 21.722 GC heap after
{Heap after GC invocations=14 (full 0):
 garbage-first heap   total 58368K, used 26985K [0x0000000083e00000, 0x0000000100000000)
  region size 1024K, 2 young (2048K), 2 survivors (2048K)
 Metaspace       used 55171K, committed 55616K, reserved 1114112K
  class space    used 7210K, committed 7424K, reserved 1048576K
}

