# JRE version: Java(TM) SE Runtime Environment (17.0.8+9) (build 17.0.8+9-LTS-211)
# Java VM: Java HotSpot(TM) 64-Bit Server VM (17.0.8+9-LTS-211, mixed mode, sharing, tiered, compressed oops, compressed class ptrs, g1 gc, windows-amd64)
GC Precious Log:
 CPUs: 8 total, 8 available
 Memory: 7937M
 Large Page Support: Disabled
 NUMA Support: Disabled
 Compressed Oops: Enabled (32-bit)
 Heap Region Size: 1M
 Heap Min Capacity: 8M
 Heap Initial Capacity: 126M
 Heap Max Capacity: 1986M
 Pre-touch: Disabled
 Parallel Workers: 8
 Concurrent Workers: 2
 Concurrent Refinement Workers: 8
 Periodic GC: Disabled
Heap:
 garbage-first heap   total 78848K, used 61241K [0x0000000083e00000, 0x0000000100000000)
  region size 1024K, 26 young (26624K), 1 survivors (1024K)
 Metaspace       used 81141K, committed 81728K, reserved 1179648K
  class space    used 11038K, committed 11328K, reserved 1048576K
GC Heap History (20 events):
Event: 3.844 GC heap before
{Heap before GC invocations=6 (full 0):
 garbage-first heap   total 55296K, used 37869K [0x0000000083e00000, 0x0000000100000000)
  region size 1024K, 21 young (21504K), 1 survivors (1024K)
 Metaspace       used 28366K, committed 28800K, reserved 1114112K
  class space    used 3678K, committed 3904K, reserved 1048576K
}
Event: 3.852 GC heap after
{Heap after GC invocations=7 (full 0):
 garbage-first heap   total 55296K, used 18978K [0x0000000083e00000, 0x0000000100000000)
  region size 1024K, 3 young (3072K), 3 survivors (3072K)
 Metaspace       used 28366K, committed 28800K, reserved 1114112K
  class space    used 3678K, committed 3904K, reserved 1048576K
}
Event: 4.461 GC heap before
{Heap before GC invocations=7 (full 0):
 garbage-first heap   total 55296K, used 38434K [0x0000000083e00000, 0x0000000100000000)
  region size 1024K, 22 young (22528K), 3 survivors (3072K)
 Metaspace       used 32687K, committed 33088K, reserved 1114112K
  class space    used 4182K, committed 4352K, reserved 1048576K
}
Event: 4.471 GC heap after
{Heap after GC invocations=8 (full 0):
 garbage-first heap   total 55296K, used 20738K [0x0000000083e00000, 0x0000000100000000)
  region size 1024K, 2 young (2048K), 2 survivors (2048K)
 Metaspace       used 32687K, committed 33088K, reserved 1114112K
  class space    used 4182K, committed 4352K, reserved 1048576K
}
Event: 4.924 GC heap before
{Heap before GC invocations=8 (full 0):
 garbage-first heap   total 55296K, used 36098K [0x0000000083e00000, 0x0000000100000000)
  region size 1024K, 19 young (19456K), 2 survivors (2048K)
 Metaspace       used 35543K, committed 35968K, reserved 1114112K
  class space    used 4524K, committed 4736K, reserved 1048576K
}
Event: 4.932 GC heap after
{Heap after GC invocations=9 (full 0):
 garbage-first heap   total 81920K, used 21638K [0x0000000083e00000, 0x0000000100000000)
  region size 1024K, 1 young (1024K), 1 survivors (1024K)
 Metaspace       used 35543K, committed 35968K, reserved 1114112K
  class space    used 4524K, committed 4736K, reserved 1048576K
}
Event: 6.294 GC heap before
{Heap before GC invocations=10 (full 0):
 garbage-first heap   total 78848K, used 61574K [0x0000000083e00000, 0x0000000100000000)
  region size 1024K, 40 young (40960K), 1 survivors (1024K)
 Metaspace       used 46405K, committed 46848K, reserved 1114112K
  class space    used 5950K, committed 6144K, reserved 1048576K
}
Event: 6.301 GC heap after
{Heap after GC invocations=11 (full 0):
 garbage-first heap   total 78848K, used 23206K [0x0000000083e00000, 0x0000000100000000)
  region size 1024K, 3 young (3072K), 3 survivors (3072K)
 Metaspace       used 46405K, committed 46848K, reserved 1114112K
  class space    used 5950K, committed 6144K, reserved 1048576K
}
Event: 6.995 GC heap before
{Heap before GC invocations=11 (full 0):
 garbage-first heap   total 78848K, used 59046K [0x0000000083e00000, 0x0000000100000000)
  region size 1024K, 39 young (39936K), 3 survivors (3072K)
 Metaspace       used 53197K, committed 53696K, reserved 1114112K
  class space    used 6988K, committed 7232K, reserved 1048576K
}
Event: 7.004 GC heap after
{Heap after GC invocations=12 (full 0):
 garbage-first heap   total 78848K, used 25559K [0x0000000083e00000, 0x0000000100000000)
  region size 1024K, 5 young (5120K), 5 survivors (5120K)
 Metaspace       used 53197K, committed 53696K, reserved 1114112K
  class space    used 6988K, committed 7232K, reserved 1048576K
}
Event: 7.631 GC heap before
{Heap before GC invocations=12 (full 0):
 garbage-first heap   total 78848K, used 53207K [0x0000000083e00000, 0x0000000100000000)
  region size 1024K, 34 young (34816K), 5 survivors (5120K)
 Metaspace       used 59704K, committed 60160K, reserved 1114112K
  class space    used 7895K, committed 8128K, reserved 1048576K
}
Event: 7.640 GC heap after
{Heap after GC invocations=13 (full 0):
 garbage-first heap   total 78848K, used 27020K [0x0000000083e00000, 0x0000000100000000)
  region size 1024K, 4 young (4096K), 4 survivors (4096K)
 Metaspace       used 59704K, committed 60160K, reserved 1114112K
  class space    used 7895K, committed 8128K, reserved 1048576K
}
Event: 8.517 GC heap before
{Heap before GC invocations=14 (full 0):
 garbage-first heap   total 78848K, used 59788K [0x0000000083e00000, 0x0000000100000000)
  region size 1024K, 37 young (37888K), 4 survivors (4096K)
 Metaspace       used 65580K, committed 66112K, reserved 1114112K
  class space    used 8922K, committed 9152K, reserved 1048576K
}
Event: 8.527 GC heap after
{Heap after GC invocations=15 (full 0):
 garbage-first heap   total 78848K, used 28040K [0x0000000083e00000, 0x0000000100000000)
  region size 1024K, 3 young (3072K), 3 survivors (3072K)
 Metaspace       used 65580K, committed 66112K, reserved 1114112K
  class space    used 8922K, committed 9152K, reserved 1048576K
}
Event: 10.653 GC heap before
{Heap before GC invocations=16 (full 0):
 garbage-first heap   total 78848K, used 61832K [0x0000000083e00000, 0x0000000100000000)
  region size 1024K, 36 young (36864K), 3 survivors (3072K)
 Metaspace       used 69966K, committed 70464K, reserved 1114112K
  class space    used 9531K, committed 9792K, reserved 1048576K
}
Event: 10.662 GC heap after
{Heap after GC invocations=17 (full 0):
 garbage-first heap   total 78848K, used 29979K [0x0000000083e00000, 0x0000000100000000)
  region size 1024K, 5 young (5120K), 5 survivors (5120K)
 Metaspace       used 69966K, committed 70464K, reserved 1114112K
  class space    used 9531K, committed 9792K, reserved 1048576K
}
Event: 20.314 GC heap before
{Heap before GC invocations=17 (full 0):
 garbage-first heap   total 78848K, used 62747K [0x0000000083e00000, 0x0000000100000000)
  region size 1024K, 37 young (37888K), 5 survivors (5120K)
 Metaspace       used 72192K, committed 72768K, reserved 1114112K
  class space    used 9838K, committed 10112K, reserved 1048576K
}
Event: 20.326 GC heap after
{Heap after GC invocations=18 (full 0):
 garbage-first heap   total 78848K, used 31620K [0x0000000083e00000, 0x0000000100000000)
  region size 1024K, 4 young (4096K), 4 survivors (4096K)
 Metaspace       used 72192K, committed 72768K, reserved 1114112K
  class space    used 9838K, committed 10112K, reserved 1048576K
}
Event: 22.465 GC heap before
{Heap before GC invocations=18 (full 0):
 garbage-first heap   total 78848K, used 62340K [0x0000000083e00000, 0x0000000100000000)
  region size 1024K, 34 young (34816K), 4 survivors (4096K)
 Metaspace       used 78116K, committed 78656K, reserved 1179648K
  class space    used 10612K, committed 10880K, reserved 1048576K
}
Event: 22.474 GC heap after
{Heap after GC invocations=19 (full 0):
 garbage-first heap   total 78848K, used 35641K [0x0000000083e00000, 0x0000000100000000)
  region size 1024K, 5 young (5120K), 5 survivors (5120K)
 Metaspace       used 78116K, committed 78656K, reserved 1179648K
  class space    used 10612K, committed 10880K, reserved 1048576K
}

